<?xml version="1.0" encoding="UTF-8"?>
<coverage generated="1684940757647" clover="3.2.0">
  <project timestamp="1684940757647" name="All files">
    <metrics statements="60" coveredstatements="60" conditionals="57" coveredconditionals="57" methods="14" coveredmethods="14" elements="131" coveredelements="131" complexity="0" loc="60" ncloc="60" packages="2" files="3" classes="3"/>
    <package name="2">
      <metrics statements="25" coveredstatements="25" conditionals="26" coveredconditionals="26" methods="5" coveredmethods="5"/>
      <file name="main.ts" path="/root/projects/CleanCode_CleanArchitecture_Turma10_Branas/cccat10_refactoring/src/2/main.ts">
        <metrics statements="25" coveredstatements="25" conditionals="26" coveredconditionals="26" methods="5" coveredmethods="5"/>
        <line num="2" count="10" type="stmt"/>
        <line num="6" count="20" type="cond" truecount="2" falsecount="0"/>
        <line num="10" count="7" type="cond" truecount="4" falsecount="0"/>
        <line num="14" count="6" type="cond" truecount="4" falsecount="0"/>
        <line num="17" count="1" type="stmt"/>
        <line num="18" count="1" type="stmt"/>
        <line num="19" count="1" type="stmt"/>
        <line num="20" count="1" type="stmt"/>
        <line num="21" count="1" type="stmt"/>
        <line num="23" count="1" type="stmt"/>
        <line num="24" count="7" type="stmt"/>
        <line num="25" count="7" type="stmt"/>
        <line num="26" count="7" type="cond" truecount="1" falsecount="0"/>
        <line num="27" count="1" type="stmt"/>
        <line num="29" count="6" type="cond" truecount="1" falsecount="0"/>
        <line num="30" count="1" type="stmt"/>
        <line num="32" count="5" type="cond" truecount="3" falsecount="0"/>
        <line num="33" count="1" type="stmt"/>
        <line num="35" count="5" type="cond" truecount="3" falsecount="0"/>
        <line num="36" count="1" type="stmt"/>
        <line num="38" count="5" type="cond" truecount="3" falsecount="0"/>
        <line num="39" count="1" type="stmt"/>
        <line num="41" count="5" type="cond" truecount="3" falsecount="0"/>
        <line num="42" count="2" type="stmt"/>
        <line num="45" count="5" type="cond" truecount="2" falsecount="0"/>
      </file>
    </package>
    <package name="3">
      <metrics statements="35" coveredstatements="35" conditionals="31" coveredconditionals="31" methods="9" coveredmethods="9"/>
      <file name="Ride.ts" path="/root/projects/CleanCode_CleanArchitecture_Turma10_Branas/cccat10_refactoring/src/3/Ride.ts">
        <metrics statements="24" coveredstatements="24" conditionals="15" coveredconditionals="15" methods="3" coveredmethods="3"/>
        <line num="1" count="1" type="stmt"/>
        <line num="3" count="1" type="stmt"/>
        <line num="4" count="8" type="stmt"/>
        <line num="5" count="8" type="stmt"/>
        <line num="6" count="8" type="stmt"/>
        <line num="7" count="8" type="stmt"/>
        <line num="8" count="8" type="stmt"/>
        <line num="9" count="8" type="stmt"/>
        <line num="14" count="8" type="stmt"/>
        <line num="18" count="8" type="stmt"/>
        <line num="22" count="6" type="stmt"/>
        <line num="23" count="6" type="stmt"/>
        <line num="24" count="6" type="cond" truecount="1" falsecount="0"/>
        <line num="25" count="1" type="stmt"/>
        <line num="26" count="1" type="stmt"/>
        <line num="28" count="5" type="cond" truecount="3" falsecount="0"/>
        <line num="29" count="1" type="stmt"/>
        <line num="31" count="5" type="cond" truecount="3" falsecount="0"/>
        <line num="32" count="1" type="stmt"/>
        <line num="34" count="5" type="cond" truecount="3" falsecount="0"/>
        <line num="35" count="1" type="stmt"/>
        <line num="37" count="5" type="cond" truecount="3" falsecount="0"/>
        <line num="38" count="2" type="stmt"/>
        <line num="41" count="6" type="cond" truecount="2" falsecount="0"/>
      </file>
      <file name="Segment.ts" path="/root/projects/CleanCode_CleanArchitecture_Turma10_Branas/cccat10_refactoring/src/3/Segment.ts">
        <metrics statements="11" coveredstatements="11" conditionals="16" coveredconditionals="16" methods="6" coveredmethods="6"/>
        <line num="1" count="1" type="stmt"/>
        <line num="2" count="8" type="stmt"/>
        <line num="3" count="8" type="cond" truecount="1" falsecount="0"/>
        <line num="4" count="1" type="stmt"/>
        <line num="6" count="7" type="cond" truecount="1" falsecount="0"/>
        <line num="7" count="1" type="stmt"/>
        <line num="12" count="8" type="cond" truecount="4" falsecount="0"/>
        <line num="16" count="7" type="cond" truecount="4" falsecount="0"/>
        <line num="20" count="10" type="stmt"/>
        <line num="24" count="20" type="cond" truecount="2" falsecount="0"/>
        <line num="28" count="6" type="cond" truecount="4" falsecount="0"/>
      </file>
    </package>
  </project>
</coverage>
