{"/root/projects/CleanCode_CleanArchitecture_Turma10_Branas/cccat10_refactoring/src/2/main.ts": {"path":"/root/projects/CleanCode_CleanArchitecture_Turma10_Branas/cccat10_refactoring/src/2/main.ts","statementMap":{"0":{"start":{"line":2,"column":1},"end":{"line":2,"column":28}},"1":{"start":{"line":6,"column":1},"end":{"line":6,"column":54}},"2":{"start":{"line":10,"column":1},"end":{"line":10,"column":98}},"3":{"start":{"line":14,"column":1},"end":{"line":14,"column":104}},"4":{"start":{"line":17,"column":30},"end":{"line":17,"column":31}},"5":{"start":{"line":18,"column":23},"end":{"line":18,"column":26}},"6":{"start":{"line":19,"column":20},"end":{"line":19,"column":23}},"7":{"start":{"line":20,"column":13},"end":{"line":20,"column":16}},"8":{"start":{"line":21,"column":17},"end":{"line":21,"column":19}},"9":{"start":{"line":24,"column":12},"end":{"line":24,"column":13}},"10":{"start":{"line":25,"column":1},"end":{"line":44,"column":null}},"11":{"start":{"line":26,"column":2},"end":{"line":28,"column":null}},"12":{"start":{"line":27,"column":3},"end":{"line":27,"column":39}},"13":{"start":{"line":29,"column":2},"end":{"line":31,"column":null}},"14":{"start":{"line":30,"column":3},"end":{"line":30,"column":35}},"15":{"start":{"line":32,"column":2},"end":{"line":34,"column":null}},"16":{"start":{"line":33,"column":4},"end":{"line":33,"column":53}},"17":{"start":{"line":35,"column":2},"end":{"line":37,"column":null}},"18":{"start":{"line":36,"column":3},"end":{"line":36,"column":45}},"19":{"start":{"line":38,"column":2},"end":{"line":40,"column":null}},"20":{"start":{"line":39,"column":3},"end":{"line":39,"column":42}},"21":{"start":{"line":41,"column":2},"end":{"line":43,"column":null}},"22":{"start":{"line":42,"column":3},"end":{"line":42,"column":35}},"23":{"start":{"line":45,"column":1},"end":{"line":45,"column":36}},"24":{"start":{"line":23,"column":0},"end":{"line":23,"column":16}}},"fnMap":{"0":{"name":"isSunday","decl":{"start":{"line":1,"column":9},"end":{"line":1,"column":17}},"loc":{"start":{"line":1,"column":28},"end":{"line":3,"column":1}}},"1":{"name":"isOvernight","decl":{"start":{"line":5,"column":9},"end":{"line":5,"column":20}},"loc":{"start":{"line":5,"column":31},"end":{"line":7,"column":1}}},"2":{"name":"isValidDistance","decl":{"start":{"line":9,"column":9},"end":{"line":9,"column":24}},"loc":{"start":{"line":9,"column":41},"end":{"line":11,"column":1}}},"3":{"name":"isValidDate","decl":{"start":{"line":13,"column":9},"end":{"line":13,"column":20}},"loc":{"start":{"line":13,"column":31},"end":{"line":15,"column":1}}},"4":{"name":"calculateRide","decl":{"start":{"line":23,"column":16},"end":{"line":23,"column":29}},"loc":{"start":{"line":23,"column":46},"end":{"line":46,"column":1}}}},"branchMap":{"0":{"loc":{"start":{"line":6,"column":8},"end":{"line":6,"column":53}},"type":"binary-expr","locations":[{"start":{"line":6,"column":8},"end":{"line":6,"column":29}},{"start":{"line":6,"column":33},"end":{"line":6,"column":53}}]},"1":{"loc":{"start":{"line":10,"column":8},"end":{"line":10,"column":97}},"type":"binary-expr","locations":[{"start":{"line":10,"column":8},"end":{"line":10,"column":24}},{"start":{"line":10,"column":28},"end":{"line":10,"column":49}},{"start":{"line":10,"column":53},"end":{"line":10,"column":81}},{"start":{"line":10,"column":85},"end":{"line":10,"column":97}}]},"2":{"loc":{"start":{"line":14,"column":8},"end":{"line":14,"column":103}},"type":"binary-expr","locations":[{"start":{"line":14,"column":8},"end":{"line":14,"column":20}},{"start":{"line":14,"column":24},"end":{"line":14,"column":41}},{"start":{"line":14,"column":45},"end":{"line":14,"column":65}},{"start":{"line":14,"column":69},"end":{"line":14,"column":103}}]},"3":{"loc":{"start":{"line":26,"column":2},"end":{"line":28,"column":null}},"type":"if","locations":[{"start":{"line":26,"column":2},"end":{"line":28,"column":null}}]},"4":{"loc":{"start":{"line":29,"column":2},"end":{"line":31,"column":null}},"type":"if","locations":[{"start":{"line":29,"column":2},"end":{"line":31,"column":null}}]},"5":{"loc":{"start":{"line":32,"column":2},"end":{"line":34,"column":null}},"type":"if","locations":[{"start":{"line":32,"column":2},"end":{"line":34,"column":null}}]},"6":{"loc":{"start":{"line":32,"column":6},"end":{"line":32,"column":57}},"type":"binary-expr","locations":[{"start":{"line":32,"column":6},"end":{"line":32,"column":31}},{"start":{"line":32,"column":35},"end":{"line":32,"column":57}}]},"7":{"loc":{"start":{"line":35,"column":2},"end":{"line":37,"column":null}},"type":"if","locations":[{"start":{"line":35,"column":2},"end":{"line":37,"column":null}}]},"8":{"loc":{"start":{"line":35,"column":6},"end":{"line":35,"column":58}},"type":"binary-expr","locations":[{"start":{"line":35,"column":6},"end":{"line":35,"column":31}},{"start":{"line":35,"column":35},"end":{"line":35,"column":58}}]},"9":{"loc":{"start":{"line":38,"column":2},"end":{"line":40,"column":null}},"type":"if","locations":[{"start":{"line":38,"column":2},"end":{"line":40,"column":null}}]},"10":{"loc":{"start":{"line":38,"column":6},"end":{"line":38,"column":58}},"type":"binary-expr","locations":[{"start":{"line":38,"column":6},"end":{"line":38,"column":32}},{"start":{"line":38,"column":36},"end":{"line":38,"column":58}}]},"11":{"loc":{"start":{"line":41,"column":2},"end":{"line":43,"column":null}},"type":"if","locations":[{"start":{"line":41,"column":2},"end":{"line":43,"column":null}}]},"12":{"loc":{"start":{"line":41,"column":6},"end":{"line":41,"column":59}},"type":"binary-expr","locations":[{"start":{"line":41,"column":6},"end":{"line":41,"column":32}},{"start":{"line":41,"column":36},"end":{"line":41,"column":59}}]},"13":{"loc":{"start":{"line":45,"column":8},"end":{"line":45,"column":35}},"type":"cond-expr","locations":[{"start":{"line":45,"column":22},"end":{"line":45,"column":30}},{"start":{"line":45,"column":31},"end":{"line":45,"column":35}}]}},"s":{"0":10,"1":20,"2":7,"3":6,"4":1,"5":1,"6":1,"7":1,"8":1,"9":7,"10":7,"11":7,"12":1,"13":6,"14":1,"15":5,"16":1,"17":5,"18":1,"19":5,"20":1,"21":5,"22":2,"23":5,"24":1},"f":{"0":10,"1":20,"2":7,"3":6,"4":7},"b":{"0":[20,12],"1":[7,7,7,7],"2":[6,6,6,6],"3":[1],"4":[1],"5":[1],"6":[5,2],"7":[1],"8":[5,2],"9":[1],"10":[5,3],"11":[2],"12":[5,3],"13":[1,4]}}
,"/root/projects/CleanCode_CleanArchitecture_Turma10_Branas/cccat10_refactoring/src/3/Ride.ts": {"path":"/root/projects/CleanCode_CleanArchitecture_Turma10_Branas/cccat10_refactoring/src/3/Ride.ts","statementMap":{"0":{"start":{"line":1,"column":0},"end":{"line":1,"column":32}},"1":{"start":{"line":4,"column":4},"end":{"line":4,"column":23}},"2":{"start":{"line":5,"column":4},"end":{"line":5,"column":30}},"3":{"start":{"line":6,"column":4},"end":{"line":6,"column":25}},"4":{"start":{"line":7,"column":4},"end":{"line":7,"column":22}},"5":{"start":{"line":8,"column":4},"end":{"line":8,"column":15}},"6":{"start":{"line":9,"column":4},"end":{"line":9,"column":18}},"7":{"start":{"line":14,"column":8},"end":{"line":14,"column":null}},"8":{"start":{"line":18,"column":8},"end":{"line":18,"column":56}},"9":{"start":{"line":22,"column":19},"end":{"line":22,"column":20}},"10":{"start":{"line":23,"column":8},"end":{"line":40,"column":null}},"11":{"start":{"line":24,"column":12},"end":{"line":27,"column":null}},"12":{"start":{"line":25,"column":16},"end":{"line":25,"column":63}},"13":{"start":{"line":26,"column":16},"end":{"line":26,"column":25}},"14":{"start":{"line":28,"column":12},"end":{"line":30,"column":null}},"15":{"start":{"line":29,"column":20},"end":{"line":29,"column":74}},"16":{"start":{"line":31,"column":12},"end":{"line":33,"column":null}},"17":{"start":{"line":32,"column":16},"end":{"line":32,"column":63}},"18":{"start":{"line":34,"column":12},"end":{"line":36,"column":null}},"19":{"start":{"line":35,"column":16},"end":{"line":35,"column":60}},"20":{"start":{"line":37,"column":12},"end":{"line":39,"column":null}},"21":{"start":{"line":38,"column":16},"end":{"line":38,"column":53}},"22":{"start":{"line":41,"column":8},"end":{"line":41,"column":53}},"23":{"start":{"line":3,"column":0},"end":{"line":3,"column":21}}},"fnMap":{"0":{"name":"(anonymous_1)","decl":{"start":{"line":13,"column":4},"end":{"line":13,"column":null}},"loc":{"start":{"line":13,"column":4},"end":{"line":15,"column":5}}},"1":{"name":"(anonymous_2)","decl":{"start":{"line":17,"column":4},"end":{"line":17,"column":14}},"loc":{"start":{"line":17,"column":43},"end":{"line":19,"column":5}}},"2":{"name":"(anonymous_3)","decl":{"start":{"line":21,"column":4},"end":{"line":21,"column":17}},"loc":{"start":{"line":21,"column":17},"end":{"line":42,"column":5}}}},"branchMap":{"0":{"loc":{"start":{"line":24,"column":12},"end":{"line":27,"column":null}},"type":"if","locations":[{"start":{"line":24,"column":12},"end":{"line":27,"column":null}}]},"1":{"loc":{"start":{"line":28,"column":12},"end":{"line":30,"column":null}},"type":"if","locations":[{"start":{"line":28,"column":12},"end":{"line":30,"column":null}}]},"2":{"loc":{"start":{"line":28,"column":16},"end":{"line":28,"column":59}},"type":"binary-expr","locations":[{"start":{"line":28,"column":16},"end":{"line":28,"column":37}},{"start":{"line":28,"column":41},"end":{"line":28,"column":59}}]},"3":{"loc":{"start":{"line":31,"column":12},"end":{"line":33,"column":null}},"type":"if","locations":[{"start":{"line":31,"column":12},"end":{"line":33,"column":null}}]},"4":{"loc":{"start":{"line":31,"column":16},"end":{"line":31,"column":60}},"type":"binary-expr","locations":[{"start":{"line":31,"column":16},"end":{"line":31,"column":37}},{"start":{"line":31,"column":41},"end":{"line":31,"column":60}}]},"5":{"loc":{"start":{"line":34,"column":12},"end":{"line":36,"column":null}},"type":"if","locations":[{"start":{"line":34,"column":12},"end":{"line":36,"column":null}}]},"6":{"loc":{"start":{"line":34,"column":16},"end":{"line":34,"column":60}},"type":"binary-expr","locations":[{"start":{"line":34,"column":16},"end":{"line":34,"column":38}},{"start":{"line":34,"column":42},"end":{"line":34,"column":60}}]},"7":{"loc":{"start":{"line":37,"column":12},"end":{"line":39,"column":null}},"type":"if","locations":[{"start":{"line":37,"column":12},"end":{"line":39,"column":null}}]},"8":{"loc":{"start":{"line":37,"column":16},"end":{"line":37,"column":61}},"type":"binary-expr","locations":[{"start":{"line":37,"column":16},"end":{"line":37,"column":38}},{"start":{"line":37,"column":42},"end":{"line":37,"column":61}}]},"9":{"loc":{"start":{"line":41,"column":15},"end":{"line":41,"column":52}},"type":"cond-expr","locations":[{"start":{"line":41,"column":34},"end":{"line":41,"column":47}},{"start":{"line":41,"column":48},"end":{"line":41,"column":52}}]}},"s":{"0":1,"1":8,"2":8,"3":8,"4":8,"5":8,"6":8,"7":8,"8":8,"9":6,"10":6,"11":6,"12":1,"13":1,"14":5,"15":1,"16":5,"17":1,"18":5,"19":1,"20":5,"21":2,"22":6,"23":1},"f":{"0":8,"1":8,"2":6},"b":{"0":[1],"1":[1],"2":[5,2],"3":[1],"4":[5,2],"5":[1],"6":[5,3],"7":[2],"8":[5,3],"9":[1,5]}}
,"/root/projects/CleanCode_CleanArchitecture_Turma10_Branas/cccat10_refactoring/src/3/Segment.ts": {"path":"/root/projects/CleanCode_CleanArchitecture_Turma10_Branas/cccat10_refactoring/src/3/Segment.ts","statementMap":{"0":{"start":{"line":2,"column":25},"end":{"line":2,"column":41}},"1":{"start":{"line":2,"column":52},"end":{"line":2,"column":62}},"2":{"start":{"line":3,"column":8},"end":{"line":5,"column":null}},"3":{"start":{"line":4,"column":12},"end":{"line":4,"column":48}},"4":{"start":{"line":6,"column":8},"end":{"line":8,"column":null}},"5":{"start":{"line":7,"column":12},"end":{"line":7,"column":44}},"6":{"start":{"line":12,"column":8},"end":{"line":12,"column":125}},"7":{"start":{"line":16,"column":8},"end":{"line":16,"column":131}},"8":{"start":{"line":20,"column":8},"end":{"line":20,"column":40}},"9":{"start":{"line":24,"column":8},"end":{"line":24,"column":71}},"10":{"start":{"line":28,"column":8},"end":{"line":28,"column":null}},"11":{"start":{"line":1,"column":0},"end":{"line":1,"column":21}}},"fnMap":{"0":{"name":"(anonymous_0)","decl":{"start":{"line":2,"column":4},"end":{"line":2,"column":25}},"loc":{"start":{"line":2,"column":62},"end":{"line":9,"column":5}}},"1":{"name":"(anonymous_1)","decl":{"start":{"line":11,"column":4},"end":{"line":11,"column":19}},"loc":{"start":{"line":11,"column":19},"end":{"line":13,"column":5}}},"2":{"name":"(anonymous_2)","decl":{"start":{"line":15,"column":4},"end":{"line":15,"column":15}},"loc":{"start":{"line":15,"column":15},"end":{"line":17,"column":5}}},"3":{"name":"(anonymous_3)","decl":{"start":{"line":19,"column":4},"end":{"line":19,"column":12}},"loc":{"start":{"line":19,"column":12},"end":{"line":21,"column":5}}},"4":{"name":"(anonymous_4)","decl":{"start":{"line":23,"column":4},"end":{"line":23,"column":15}},"loc":{"start":{"line":23,"column":15},"end":{"line":25,"column":5}}},"5":{"name":"(anonymous_5)","decl":{"start":{"line":27,"column":4},"end":{"line":27,"column":14}},"loc":{"start":{"line":27,"column":14},"end":{"line":29,"column":5}}}},"branchMap":{"0":{"loc":{"start":{"line":3,"column":8},"end":{"line":5,"column":null}},"type":"if","locations":[{"start":{"line":3,"column":8},"end":{"line":5,"column":null}}]},"1":{"loc":{"start":{"line":6,"column":8},"end":{"line":8,"column":null}},"type":"if","locations":[{"start":{"line":6,"column":8},"end":{"line":8,"column":null}}]},"2":{"loc":{"start":{"line":12,"column":15},"end":{"line":12,"column":124}},"type":"binary-expr","locations":[{"start":{"line":12,"column":15},"end":{"line":12,"column":36}},{"start":{"line":12,"column":40},"end":{"line":12,"column":66}},{"start":{"line":12,"column":70},"end":{"line":12,"column":103}},{"start":{"line":12,"column":107},"end":{"line":12,"column":124}}]},"3":{"loc":{"start":{"line":16,"column":15},"end":{"line":16,"column":130}},"type":"binary-expr","locations":[{"start":{"line":16,"column":15},"end":{"line":16,"column":32}},{"start":{"line":16,"column":36},"end":{"line":16,"column":58}},{"start":{"line":16,"column":62},"end":{"line":16,"column":87}},{"start":{"line":16,"column":91},"end":{"line":16,"column":130}}]},"4":{"loc":{"start":{"line":24,"column":15},"end":{"line":24,"column":70}},"type":"binary-expr","locations":[{"start":{"line":24,"column":15},"end":{"line":24,"column":41}},{"start":{"line":24,"column":45},"end":{"line":24,"column":70}}]},"5":{"loc":{"start":{"line":28,"column":15},"end":{"line":28,"column":129}},"type":"binary-expr","locations":[{"start":{"line":28,"column":16},"end":{"line":28,"column":41}},{"start":{"line":28,"column":45},"end":{"line":28,"column":70}},{"start":{"line":28,"column":76},"end":{"line":28,"column":100}},{"start":{"line":28,"column":104},"end":{"line":28,"column":128}}]}},"s":{"0":8,"1":8,"2":8,"3":1,"4":7,"5":1,"6":8,"7":7,"8":10,"9":20,"10":6,"11":1},"f":{"0":8,"1":8,"2":7,"3":10,"4":20,"5":6},"b":{"0":[1],"1":[1],"2":[8,8,8,8],"3":[7,7,7,7],"4":[20,12],"5":[6,6,6,3]}}
}
