TN:
SF:src/2/main.ts
FN:1,isSunday
FN:5,isOvernight
FN:9,isValidDistance
FN:13,isValidDate
FN:23,calculateRide
FNF:5
FNH:5
FNDA:10,isSunday
FNDA:20,isOvernight
FNDA:7,isValidDistance
FNDA:6,isValidDate
FNDA:7,calculateRide
DA:2,10
DA:6,20
DA:10,7
DA:14,6
DA:17,1
DA:18,1
DA:19,1
DA:20,1
DA:21,1
DA:23,1
DA:24,7
DA:25,7
DA:26,7
DA:27,1
DA:29,6
DA:30,1
DA:32,5
DA:33,1
DA:35,5
DA:36,1
DA:38,5
DA:39,1
DA:41,5
DA:42,2
DA:45,5
LF:25
LH:25
BRDA:6,0,0,20
BRDA:6,0,1,12
BRDA:10,1,0,7
BRDA:10,1,1,7
BRDA:10,1,2,7
BRDA:10,1,3,7
BRDA:14,2,0,6
BRDA:14,2,1,6
BRDA:14,2,2,6
BRDA:14,2,3,6
BRDA:26,3,0,1
BRDA:29,4,0,1
BRDA:32,5,0,1
BRDA:32,6,0,5
BRDA:32,6,1,2
BRDA:35,7,0,1
BRDA:35,8,0,5
BRDA:35,8,1,2
BRDA:38,9,0,1
BRDA:38,10,0,5
BRDA:38,10,1,3
BRDA:41,11,0,2
BRDA:41,12,0,5
BRDA:41,12,1,3
BRDA:45,13,0,1
BRDA:45,13,1,4
BRF:26
BRH:26
end_of_record
TN:
SF:src/3/Ride.ts
FN:13,(anonymous_1)
FN:17,(anonymous_2)
FN:21,(anonymous_3)
FNF:3
FNH:3
FNDA:8,(anonymous_1)
FNDA:8,(anonymous_2)
FNDA:6,(anonymous_3)
DA:1,1
DA:3,1
DA:4,8
DA:5,8
DA:6,8
DA:7,8
DA:8,8
DA:9,8
DA:14,8
DA:18,8
DA:22,6
DA:23,6
DA:24,6
DA:25,1
DA:26,1
DA:28,5
DA:29,1
DA:31,5
DA:32,1
DA:34,5
DA:35,1
DA:37,5
DA:38,2
DA:41,6
LF:24
LH:24
BRDA:24,0,0,1
BRDA:28,1,0,1
BRDA:28,2,0,5
BRDA:28,2,1,2
BRDA:31,3,0,1
BRDA:31,4,0,5
BRDA:31,4,1,2
BRDA:34,5,0,1
BRDA:34,6,0,5
BRDA:34,6,1,3
BRDA:37,7,0,2
BRDA:37,8,0,5
BRDA:37,8,1,3
BRDA:41,9,0,1
BRDA:41,9,1,5
BRF:15
BRH:15
end_of_record
TN:
SF:src/3/Segment.ts
FN:2,(anonymous_0)
FN:11,(anonymous_1)
FN:15,(anonymous_2)
FN:19,(anonymous_3)
FN:23,(anonymous_4)
FN:27,(anonymous_5)
FNF:6
FNH:6
FNDA:8,(anonymous_0)
FNDA:8,(anonymous_1)
FNDA:7,(anonymous_2)
FNDA:10,(anonymous_3)
FNDA:20,(anonymous_4)
FNDA:6,(anonymous_5)
DA:1,1
DA:2,8
DA:3,8
DA:4,1
DA:6,7
DA:7,1
DA:12,8
DA:16,7
DA:20,10
DA:24,20
DA:28,6
LF:11
LH:11
BRDA:3,0,0,1
BRDA:6,1,0,1
BRDA:12,2,0,8
BRDA:12,2,1,8
BRDA:12,2,2,8
BRDA:12,2,3,8
BRDA:16,3,0,7
BRDA:16,3,1,7
BRDA:16,3,2,7
BRDA:16,3,3,7
BRDA:24,4,0,20
BRDA:24,4,1,12
BRDA:28,5,0,6
BRDA:28,5,1,6
BRDA:28,5,2,6
BRDA:28,5,3,3
BRF:16
BRH:16
end_of_record
